<?xml version="1.0" encoding="UTF-8"?>
<testsuite xmlns:xsi="http://www.w3.org/2001/XMLSchema-instance" xsi:noNamespaceSchemaLocation="https://maven.apache.org/surefire/maven-surefire-plugin/xsd/surefire-test-report-3.0.xsd" version="3.0" name="tests.UserGetTest" time="6.751" tests="3" errors="0" skipped="0" failures="0">
  <properties>
[...]
</properties>
  <testcase name="testGetUserNoAuth" classname="tests.UserGetTest" time="1.416">
    <system-out><![CDATA[{"username":"Vitaliy"}
]]></system-out>
  </testcase>
  <testcase name="getUserDataByAnotherRegisteredUser" classname="tests.UserGetTest" time="3.098">
    <system-out><![CDATA[https://playground.learnqa.ru/api/user/3
{"username":"arsbatyrov"}
]]></system-out>
  </testcase>
  <testcase name="getUserDataAuthSameUser" classname="tests.UserGetTest" time="2.111"/>
</testsuite>